{
  "RSpec": {
    "coverage": {
      "/Users/adamromano/Documents/oystercard/spec/journey_log_spec.rb": [
        1,
        null,
        1,
        4,
        null,
        null,
        1,
        1,
        1,
        null,
        null,
        null,
        1,
        1,
        1,
        null,
        null,
        null,
        1,
        1,
        1,
        null,
        null,
        null
      ],
      "/Users/adamromano/Documents/oystercard/lib/journey_log.rb": [
        null,
        null,
        1,
        1,
        3,
        3,
        3,
        null,
        null,
        1,
        0,
        null,
        null,
        1,
        null,
        1,
        0,
        0,
        0,
        0,
        null,
        null,
        1,
        null,
        1,
        0,
        null,
        null
      ],
      "/Users/adamromano/Documents/oystercard/spec/journey_spec.rb": [
        1,
        null,
        null,
        null,
        1,
        8,
        8,
        null,
        1,
        1,
        1,
        null,
        null,
        1,
        1,
        null,
        null,
        1,
        1,
        null,
        null,
        1,
        1,
        null,
        null,
        null,
        1,
        1,
        1,
        1,
        null,
        null,
        null,
        1,
        1,
        1,
        null,
        null,
        1,
        1,
        1,
        null,
        null,
        1,
        1,
        null,
        null,
        null
      ],
      "/Users/adamromano/Documents/oystercard/lib/journey.rb": [
        null,
        1,
        1,
        null,
        null,
        1,
        1,
        null,
        1,
        15,
        15,
        null,
        null,
        1,
        6,
        null,
        null,
        1,
        1,
        1,
        null,
        null,
        1,
        4,
        4,
        null,
        null
      ],
      "/Users/adamromano/Documents/oystercard/spec/oyster_card_spec.rb": [
        1,
        null,
        null,
        null,
        null,
        1,
        8,
        null,
        1,
        1,
        1,
        null,
        null,
        1,
        1,
        null,
        null,
        1,
        2,
        null,
        null,
        1,
        1,
        null,
        null,
        null,
        1,
        1,
        1,
        null,
        null,
        1,
        1,
        null,
        null,
        null,
        1,
        1,
        1,
        null,
        null,
        1,
        1,
        null,
        null,
        null,
        1,
        1,
        1,
        null,
        null,
        1,
        4,
        null,
        null,
        1,
        2,
        null,
        null,
        null,
        1,
        1,
        1,
        4,
        null,
        null,
        1,
        1,
        2,
        null,
        null,
        null,
        1,
        1,
        1,
        null,
        null,
        1,
        1,
        1,
        1,
        null,
        null,
        1,
        2,
        null,
        null,
        1,
        1,
        null,
        null,
        1,
        1,
        null,
        null,
        1,
        1,
        1,
        1,
        null,
        null,
        1,
        1,
        1,
        4,
        null,
        null,
        null,
        1,
        1,
        1,
        null,
        null,
        1,
        1,
        1,
        1,
        1,
        null,
        null,
        1,
        1,
        1,
        2,
        2,
        null,
        null,
        null,
        1,
        1,
        1,
        2,
        2,
        null,
        null,
        null,
        null
      ],
      "/Users/adamromano/Documents/oystercard/lib/oyster_card.rb": [
        1,
        null,
        1,
        1,
        1,
        null,
        1,
        1,
        1,
        null,
        null,
        1,
        1,
        null,
        1,
        24,
        24,
        24,
        null,
        null,
        1,
        10,
        10,
        9,
        null,
        null,
        1,
        8,
        7,
        7,
        7,
        null,
        null,
        1,
        3,
        3,
        3,
        3,
        3,
        null,
        null,
        1,
        3,
        null,
        null,
        1,
        null,
        1,
        3,
        3,
        null,
        null,
        1,
        6,
        6,
        6,
        null,
        null
      ],
      "/Users/adamromano/Documents/oystercard/spec/station_spec.rb": [
        1,
        null,
        1,
        5,
        null,
        1,
        1,
        1,
        null,
        null,
        1,
        1,
        null,
        null,
        null,
        1,
        1,
        1,
        null,
        null,
        1,
        1,
        null,
        null,
        null
      ],
      "/Users/adamromano/Documents/oystercard/lib/station.rb": [
        null,
        null,
        1,
        1,
        null,
        1,
        4,
        4,
        null,
        null
      ]
    },
    "timestamp": 1502437156
  }
}
