{
  "RSpec": {
    "coverage": {
      "/Users/adamromano/Documents/GitHub/oystercard/spec/oystercard_spec.rb": [
        1,
        null,
        null,
        null,
        null,
        1,
        19,
        null,
        1,
        1,
        1,
        null,
        null,
        null,
        1,
        1,
        1,
        null,
        null,
        null,
        1,
        1,
        1,
        null,
        1,
        1,
        null,
        1,
        1,
        1,
        1,
        null,
        1,
        2,
        null,
        null,
        null,
        1,
        1,
        1,
        null,
        1,
        1,
        1,
        1,
        1,
        null,
        1,
        2,
        null,
        null,
        null,
        1,
        1,
        1,
        null,
        1,
        1,
        null,
        null,
        null,
        1,
        1,
        1,
        null,
        null,
        1,
        1,
        2,
        null,
        null,
        1,
        1,
        1,
        null,
        null,
        null,
        1,
        1,
        1,
        null,
        null,
        1,
        1,
        2,
        null,
        null,
        1,
        1,
        1,
        1,
        null,
        null,
        1,
        1,
        1,
        1,
        1,
        null,
        null,
        null
      ],
      "/Users/adamromano/Documents/GitHub/oystercard/lib/oystercard.rb": [
        null,
        1,
        1,
        1,
        null,
        1,
        1,
        1,
        1,
        null,
        1,
        null,
        null,
        1,
        1,
        null,
        1,
        18,
        18,
        18,
        null,
        null,
        1,
        3,
        2,
        2,
        2,
        null,
        null,
        1,
        2,
        1,
        1,
        1,
        null,
        null,
        1,
        4,
        3,
        3,
        null,
        null,
        1,
        3,
        2,
        2,
        2,
        null,
        null,
        1,
        3,
        null,
        null,
        1,
        2,
        null,
        null,
        1,
        8,
        null,
        null
      ]
    },
    "timestamp": 1502196726
  }
}
